[15:43:08.515] Global cache location '/home/yxqsnz/.cache/typescript/4.7', safe file path '/projects/Web/my-personal-website/node_modules/.pnpm/typescript@4.7.4/node_modules/typescript/lib/typingSafeList.json', types map path /projects/Web/my-personal-website/node_modules/.pnpm/typescript@4.7.4/node_modules/typescript/lib/typesMap.json
[15:43:08.518] Processing cache location '/home/yxqsnz/.cache/typescript/4.7'
[15:43:08.518] Trying to find '/home/yxqsnz/.cache/typescript/4.7/package.json'...
[15:43:08.558] Loaded content of '/home/yxqsnz/.cache/typescript/4.7/package.json': {"private":true,"dependencies":{"types-registry":"^0.1.606"},"devDependencies":{"@types/eslint":"^8.4.6","@types/mdast":"^3.0.10","@types/nprogress":"^0.2.0","@types/react":"^18.0.17","@types/react-dom":"^18.0.6"}}
[15:43:08.559] Loaded content of '/home/yxqsnz/.cache/typescript/4.7/package-lock.json'
[15:43:08.607] Adding entry into typings cache: 'eslint' => '/home/yxqsnz/.cache/typescript/4.7/node_modules/@types/eslint/index.d.ts'
[15:43:08.612] Adding entry into typings cache: 'mdast' => '/home/yxqsnz/.cache/typescript/4.7/node_modules/@types/mdast/index.d.ts'
[15:43:08.616] Adding entry into typings cache: 'nprogress' => '/home/yxqsnz/.cache/typescript/4.7/node_modules/@types/nprogress/index.d.ts'
[15:43:08.659] Adding entry into typings cache: 'react' => '/home/yxqsnz/.cache/typescript/4.7/node_modules/@types/react/index.d.ts'
[15:43:08.696] Adding entry into typings cache: 'react-dom' => '/home/yxqsnz/.cache/typescript/4.7/node_modules/@types/react-dom/index.d.ts'
[15:43:08.696] Finished processing cache location '/home/yxqsnz/.cache/typescript/4.7'
[15:43:08.697] Process id: 100441
[15:43:08.697] NPM location: /home/yxqsnz/.asdf/installs/nodejs/16.17.0/bin/npm (explicit '--npmLocation' not  provided)
[15:43:08.697] validateDefaultNpmLocation: false
[15:43:08.697] Npm config file: /home/yxqsnz/.cache/typescript/4.7/package.json
[15:43:08.697] Updating types-registry npm package...
[15:43:08.697] Exec: /home/yxqsnz/.asdf/installs/nodejs/16.17.0/bin/npm install --ignore-scripts types-registry@latest
[15:43:11.308]     Succeeded. stdout:
    
    up to date, audited 13 packages in 2s

found 0 vulnerabilities

[15:43:11.308] Updated types-registry npm package
