[22:29:02.822] Global cache location '/home/yxqsnz/.cache/typescript/4.7', safe file path '/projects/Web/my-personal-website/node_modules/.pnpm/typescript@4.7.4/node_modules/typescript/lib/typingSafeList.json', types map path /projects/Web/my-personal-website/node_modules/.pnpm/typescript@4.7.4/node_modules/typescript/lib/typesMap.json
[22:29:02.824] Processing cache location '/home/yxqsnz/.cache/typescript/4.7'
[22:29:02.825] Trying to find '/home/yxqsnz/.cache/typescript/4.7/package.json'...
[22:29:02.870] Loaded content of '/home/yxqsnz/.cache/typescript/4.7/package.json': {"private":true,"dependencies":{"types-registry":"^0.1.606"},"devDependencies":{"@types/eslint":"^8.4.6","@types/mdast":"^3.0.10","@types/nprogress":"^0.2.0","@types/react":"^18.0.17","@types/react-dom":"^18.0.6"}}
[22:29:02.870] Loaded content of '/home/yxqsnz/.cache/typescript/4.7/package-lock.json'
[22:29:02.922] Adding entry into typings cache: 'eslint' => '/home/yxqsnz/.cache/typescript/4.7/node_modules/@types/eslint/index.d.ts'
[22:29:02.930] Adding entry into typings cache: 'mdast' => '/home/yxqsnz/.cache/typescript/4.7/node_modules/@types/mdast/index.d.ts'
[22:29:02.948] Adding entry into typings cache: 'nprogress' => '/home/yxqsnz/.cache/typescript/4.7/node_modules/@types/nprogress/index.d.ts'
[22:29:02.977] Adding entry into typings cache: 'react' => '/home/yxqsnz/.cache/typescript/4.7/node_modules/@types/react/index.d.ts'
[22:29:03.026] Adding entry into typings cache: 'react-dom' => '/home/yxqsnz/.cache/typescript/4.7/node_modules/@types/react-dom/index.d.ts'
[22:29:03.027] Finished processing cache location '/home/yxqsnz/.cache/typescript/4.7'
[22:29:03.027] Process id: 203658
[22:29:03.027] NPM location: /home/yxqsnz/.asdf/installs/nodejs/16.17.0/bin/npm (explicit '--npmLocation' not  provided)
[22:29:03.027] validateDefaultNpmLocation: false
[22:29:03.028] Npm config file: /home/yxqsnz/.cache/typescript/4.7/package.json
[22:29:03.028] Updating types-registry npm package...
[22:29:03.028] Exec: /home/yxqsnz/.asdf/installs/nodejs/16.17.0/bin/npm install --ignore-scripts types-registry@latest
[22:29:05.103]     Succeeded. stdout:
    
    up to date, audited 13 packages in 2s

found 0 vulnerabilities

[22:29:05.103] Updated types-registry npm package
